<?xml version="1.0" encoding="UTF-8"?>
<testng-results skipped="0" failed="0" total="1" passed="1">
  <reporter-output>
  </reporter-output>
  <suite name="Default suite" duration-ms="371" started-at="2018-03-27T02:40:55Z" finished-at="2018-03-27T02:40:56Z">
    <groups>
    </groups>
    <test name="Default test" duration-ms="371" started-at="2018-03-27T02:40:55Z" finished-at="2018-03-27T02:40:56Z">
      <class name="ExcelTest.ExcelWrite1">
        <test-method status="PASS" signature="getalldata()[pri:0, instance:ExcelTest.ExcelWrite1@1753acfe]" name="getalldata" duration-ms="358" started-at="2018-03-27T08:10:55Z" finished-at="2018-03-27T08:10:56Z">
          <reporter-output>
          </reporter-output>
        </test-method> <!-- getalldata -->
      </class> <!-- ExcelTest.ExcelWrite1 -->
    </test> <!-- Default test -->
  </suite> <!-- Default suite -->
</testng-results>
